# JRE version: Java(TM) SE Runtime Environment (21.0.1+12) (build 21.0.1+12-LTS-29)
# Java VM: Java HotSpot(TM) 64-Bit Server VM (21.0.1+12-LTS-29, mixed mode, sharing, tiered, compressed oops, compressed class ptrs, g1 gc, bsd-aarch64)
Heap:
 garbage-first heap   total 78848K, used 64300K [0x0000000780000000, 0x0000000800000000)
  region size 1024K, 40 young (40960K), 5 survivors (5120K)
 Metaspace       used 67541K, committed 68224K, reserved 1114112K
  class space    used 9006K, committed 9344K, reserved 1048576K
GC Heap History (20 events):
Event: 0.411 GC heap before
{Heap before GC invocations=0 (full 0):
 garbage-first heap   total 133120K, used 25613K [0x0000000780000000, 0x0000000800000000)
  region size 1024K, 23 young (23552K), 0 survivors (0K)
 Metaspace       used 6486K, committed 6720K, reserved 1114112K
  class space    used 778K, committed 896K, reserved 1048576K
}
Event: 0.416 GC heap after
{Heap after GC invocations=1 (full 0):
 garbage-first heap   total 133120K, used 7230K [0x0000000780000000, 0x0000000800000000)
  region size 1024K, 3 young (3072K), 3 survivors (3072K)
 Metaspace       used 6486K, committed 6720K, reserved 1114112K
  class space    used 778K, committed 896K, reserved 1048576K
}
Event: 0.682 GC heap before
{Heap before GC invocations=1 (full 0):
 garbage-first heap   total 133120K, used 35902K [0x0000000780000000, 0x0000000800000000)
  region size 1024K, 32 young (32768K), 3 survivors (3072K)
 Metaspace       used 14021K, committed 14272K, reserved 1114112K
  class space    used 1689K, committed 1792K, reserved 1048576K
}
Event: 0.685 GC heap after
{Heap after GC invocations=2 (full 0):
 garbage-first heap   total 133120K, used 9534K [0x0000000780000000, 0x0000000800000000)
  region size 1024K, 3 young (3072K), 3 survivors (3072K)
 Metaspace       used 14021K, committed 14272K, reserved 1114112K
  class space    used 1689K, committed 1792K, reserved 1048576K
}
Event: 1.085 GC heap before
{Heap before GC invocations=2 (full 0):
 garbage-first heap   total 133120K, used 52542K [0x0000000780000000, 0x0000000800000000)
  region size 1024K, 47 young (48128K), 3 survivors (3072K)
 Metaspace       used 21216K, committed 21504K, reserved 1114112K
  class space    used 2612K, committed 2752K, reserved 1048576K
}
Event: 1.089 GC heap after
{Heap after GC invocations=3 (full 0):
 garbage-first heap   total 133120K, used 13560K [0x0000000780000000, 0x0000000800000000)
  region size 1024K, 6 young (6144K), 6 survivors (6144K)
 Metaspace       used 21216K, committed 21504K, reserved 1114112K
  class space    used 2612K, committed 2752K, reserved 1048576K
}
Event: 1.491 GC heap before
{Heap before GC invocations=4 (full 0):
 garbage-first heap   total 55296K, used 53496K [0x0000000780000000, 0x0000000800000000)
  region size 1024K, 45 young (46080K), 6 survivors (6144K)
 Metaspace       used 29210K, committed 29632K, reserved 1114112K
  class space    used 3716K, committed 3904K, reserved 1048576K
}
Event: 1.495 GC heap after
{Heap after GC invocations=5 (full 0):
 garbage-first heap   total 65536K, used 17469K [0x0000000780000000, 0x0000000800000000)
  region size 1024K, 8 young (8192K), 8 survivors (8192K)
 Metaspace       used 29210K, committed 29632K, reserved 1114112K
  class space    used 3716K, committed 3904K, reserved 1048576K
}
Event: 1.714 GC heap before
{Heap before GC invocations=5 (full 0):
 garbage-first heap   total 65536K, used 42045K [0x0000000780000000, 0x0000000800000000)
  region size 1024K, 33 young (33792K), 8 survivors (8192K)
 Metaspace       used 35466K, committed 35968K, reserved 1114112K
  class space    used 4715K, committed 4928K, reserved 1048576K
}
Event: 1.717 GC heap after
{Heap after GC invocations=6 (full 0):
 garbage-first heap   total 65536K, used 19397K [0x0000000780000000, 0x0000000800000000)
  region size 1024K, 2 young (2048K), 2 survivors (2048K)
 Metaspace       used 35466K, committed 35968K, reserved 1114112K
  class space    used 4715K, committed 4928K, reserved 1048576K
}
Event: 1.734 GC heap before
{Heap before GC invocations=6 (full 0):
 garbage-first heap   total 65536K, used 20421K [0x0000000780000000, 0x0000000800000000)
  region size 1024K, 4 young (4096K), 2 survivors (2048K)
 Metaspace       used 35823K, committed 36288K, reserved 1114112K
  class space    used 4756K, committed 4992K, reserved 1048576K
}
Event: 1.735 GC heap after
{Heap after GC invocations=7 (full 0):
 garbage-first heap   total 65536K, used 18753K [0x0000000780000000, 0x0000000800000000)
  region size 1024K, 2 young (2048K), 2 survivors (2048K)
 Metaspace       used 35823K, committed 36288K, reserved 1114112K
  class space    used 4756K, committed 4992K, reserved 1048576K
}
Event: 2.150 GC heap before
{Heap before GC invocations=8 (full 0):
 garbage-first heap   total 65536K, used 52545K [0x0000000780000000, 0x0000000800000000)
  region size 1024K, 35 young (35840K), 2 survivors (2048K)
 Metaspace       used 48601K, committed 49152K, reserved 1114112K
  class space    used 6293K, committed 6592K, reserved 1048576K
}
Event: 2.152 GC heap after
{Heap after GC invocations=9 (full 0):
 garbage-first heap   total 78848K, used 21787K [0x0000000780000000, 0x0000000800000000)
  region size 1024K, 5 young (5120K), 5 survivors (5120K)
 Metaspace       used 48601K, committed 49152K, reserved 1114112K
  class space    used 6293K, committed 6592K, reserved 1048576K
}
Event: 2.560 GC heap before
{Heap before GC invocations=9 (full 0):
 garbage-first heap   total 78848K, used 63771K [0x0000000780000000, 0x0000000800000000)
  region size 1024K, 46 young (47104K), 5 survivors (5120K)
 Metaspace       used 59493K, committed 60160K, reserved 1114112K
  class space    used 7915K, committed 8192K, reserved 1048576K
}
Event: 2.563 GC heap after
{Heap after GC invocations=10 (full 0):
 garbage-first heap   total 78848K, used 24528K [0x0000000780000000, 0x0000000800000000)
  region size 1024K, 6 young (6144K), 6 survivors (6144K)
 Metaspace       used 59493K, committed 60160K, reserved 1114112K
  class space    used 7915K, committed 8192K, reserved 1048576K
}
Event: 2.603 GC heap before
{Heap before GC invocations=10 (full 0):
 garbage-first heap   total 78848K, used 28624K [0x0000000780000000, 0x0000000800000000)
  region size 1024K, 11 young (11264K), 6 survivors (6144K)
 Metaspace       used 60127K, committed 60736K, reserved 1114112K
  class space    used 8019K, committed 8320K, reserved 1048576K
}
Event: 2.606 GC heap after
{Heap after GC invocations=11 (full 0):
 garbage-first heap   total 78848K, used 25247K [0x0000000780000000, 0x0000000800000000)
  region size 1024K, 4 young (4096K), 4 survivors (4096K)
 Metaspace       used 60127K, committed 60736K, reserved 1114112K
  class space    used 8019K, committed 8320K, reserved 1048576K
}
Event: 5360.446 GC heap before
{Heap before GC invocations=12 (full 0):
 garbage-first heap   total 78848K, used 66207K [0x0000000780000000, 0x0000000800000000)
  region size 1024K, 44 young (45056K), 4 survivors (4096K)
 Metaspace       used 62961K, committed 63616K, reserved 1114112K
  class space    used 8401K, committed 8704K, reserved 1048576K
}
Event: 5360.504 GC heap after
{Heap after GC invocations=13 (full 0):
 garbage-first heap   total 78848K, used 28720K [0x0000000780000000, 0x0000000800000000)
  region size 1024K, 5 young (5120K), 5 survivors (5120K)
 Metaspace       used 62961K, committed 63616K, reserved 1114112K
  class space    used 8401K, committed 8704K, reserved 1048576K
}

