# JRE version: Java(TM) SE Runtime Environment (21.0.1+12) (build 21.0.1+12-LTS-29)
# Java VM: Java HotSpot(TM) 64-Bit Server VM (21.0.1+12-LTS-29, mixed mode, sharing, tiered, compressed oops, compressed class ptrs, g1 gc, bsd-aarch64)
Heap:
 garbage-first heap   total 71680K, used 28780K [0x0000000780000000, 0x0000000800000000)
  region size 1024K, 6 young (6144K), 5 survivors (5120K)
 Metaspace       used 66751K, committed 67520K, reserved 1114112K
  class space    used 8924K, committed 9280K, reserved 1048576K
GC Heap History (20 events):
Event: 0.364 GC heap before
{Heap before GC invocations=0 (full 0):
 garbage-first heap   total 133120K, used 25613K [0x0000000780000000, 0x0000000800000000)
  region size 1024K, 23 young (23552K), 0 survivors (0K)
 Metaspace       used 6577K, committed 6784K, reserved 1114112K
  class space    used 790K, committed 896K, reserved 1048576K
}
Event: 0.365 GC heap after
{Heap after GC invocations=1 (full 0):
 garbage-first heap   total 133120K, used 7181K [0x0000000780000000, 0x0000000800000000)
  region size 1024K, 3 young (3072K), 3 survivors (3072K)
 Metaspace       used 6577K, committed 6784K, reserved 1114112K
  class space    used 790K, committed 896K, reserved 1048576K
}
Event: 0.539 GC heap before
{Heap before GC invocations=1 (full 0):
 garbage-first heap   total 133120K, used 35853K [0x0000000780000000, 0x0000000800000000)
  region size 1024K, 32 young (32768K), 3 survivors (3072K)
 Metaspace       used 14273K, committed 14592K, reserved 1114112K
  class space    used 1720K, committed 1856K, reserved 1048576K
}
Event: 0.541 GC heap after
{Heap after GC invocations=2 (full 0):
 garbage-first heap   total 133120K, used 9575K [0x0000000780000000, 0x0000000800000000)
  region size 1024K, 3 young (3072K), 3 survivors (3072K)
 Metaspace       used 14273K, committed 14592K, reserved 1114112K
  class space    used 1720K, committed 1856K, reserved 1048576K
}
Event: 0.848 GC heap before
{Heap before GC invocations=2 (full 0):
 garbage-first heap   total 133120K, used 51559K [0x0000000780000000, 0x0000000800000000)
  region size 1024K, 46 young (47104K), 3 survivors (3072K)
 Metaspace       used 21216K, committed 21504K, reserved 1114112K
  class space    used 2612K, committed 2752K, reserved 1048576K
}
Event: 0.852 GC heap after
{Heap after GC invocations=3 (full 0):
 garbage-first heap   total 133120K, used 13450K [0x0000000780000000, 0x0000000800000000)
  region size 1024K, 6 young (6144K), 6 survivors (6144K)
 Metaspace       used 21216K, committed 21504K, reserved 1114112K
  class space    used 2612K, committed 2752K, reserved 1048576K
}
Event: 1.226 GC heap before
{Heap before GC invocations=4 (full 0):
 garbage-first heap   total 55296K, used 53386K [0x0000000780000000, 0x0000000800000000)
  region size 1024K, 45 young (46080K), 6 survivors (6144K)
 Metaspace       used 28789K, committed 29248K, reserved 1114112K
  class space    used 3685K, committed 3904K, reserved 1048576K
}
Event: 1.230 GC heap after
{Heap after GC invocations=5 (full 0):
 garbage-first heap   total 65536K, used 17484K [0x0000000780000000, 0x0000000800000000)
  region size 1024K, 8 young (8192K), 8 survivors (8192K)
 Metaspace       used 28789K, committed 29248K, reserved 1114112K
  class space    used 3685K, committed 3904K, reserved 1048576K
}
Event: 1.450 GC heap before
{Heap before GC invocations=5 (full 0):
 garbage-first heap   total 65536K, used 43084K [0x0000000780000000, 0x0000000800000000)
  region size 1024K, 34 young (34816K), 8 survivors (8192K)
 Metaspace       used 35479K, committed 35968K, reserved 1114112K
  class space    used 4717K, committed 4928K, reserved 1048576K
}
Event: 1.453 GC heap after
{Heap after GC invocations=6 (full 0):
 garbage-first heap   total 65536K, used 19030K [0x0000000780000000, 0x0000000800000000)
  region size 1024K, 2 young (2048K), 2 survivors (2048K)
 Metaspace       used 35479K, committed 35968K, reserved 1114112K
  class space    used 4717K, committed 4928K, reserved 1048576K
}
Event: 1.467 GC heap before
{Heap before GC invocations=6 (full 0):
 garbage-first heap   total 65536K, used 20054K [0x0000000780000000, 0x0000000800000000)
  region size 1024K, 4 young (4096K), 2 survivors (2048K)
 Metaspace       used 35816K, committed 36288K, reserved 1114112K
  class space    used 4757K, committed 4992K, reserved 1048576K
}
Event: 1.468 GC heap after
{Heap after GC invocations=7 (full 0):
 garbage-first heap   total 78848K, used 18693K [0x0000000780000000, 0x0000000800000000)
  region size 1024K, 2 young (2048K), 2 survivors (2048K)
 Metaspace       used 35816K, committed 36288K, reserved 1114112K
  class space    used 4757K, committed 4992K, reserved 1048576K
}
Event: 2.020 GC heap before
{Heap before GC invocations=8 (full 0):
 garbage-first heap   total 71680K, used 63749K [0x0000000780000000, 0x0000000800000000)
  region size 1024K, 46 young (47104K), 2 survivors (2048K)
 Metaspace       used 52759K, committed 53376K, reserved 1114112K
  class space    used 6933K, committed 7232K, reserved 1048576K
}
Event: 2.023 GC heap after
{Heap after GC invocations=9 (full 0):
 garbage-first heap   total 71680K, used 22062K [0x0000000780000000, 0x0000000800000000)
  region size 1024K, 5 young (5120K), 5 survivors (5120K)
 Metaspace       used 52759K, committed 53376K, reserved 1114112K
  class space    used 6933K, committed 7232K, reserved 1048576K
}
Event: 2.317 GC heap before
{Heap before GC invocations=9 (full 0):
 garbage-first heap   total 71680K, used 53806K [0x0000000780000000, 0x0000000800000000)
  region size 1024K, 37 young (37888K), 5 survivors (5120K)
 Metaspace       used 60132K, committed 60736K, reserved 1114112K
  class space    used 8003K, committed 8256K, reserved 1048576K
}
Event: 2.320 GC heap after
{Heap after GC invocations=10 (full 0):
 garbage-first heap   total 71680K, used 24703K [0x0000000780000000, 0x0000000800000000)
  region size 1024K, 3 young (3072K), 3 survivors (3072K)
 Metaspace       used 60132K, committed 60736K, reserved 1114112K
  class space    used 8003K, committed 8256K, reserved 1048576K
}
Event: 2.335 GC heap before
{Heap before GC invocations=10 (full 0):
 garbage-first heap   total 71680K, used 26751K [0x0000000780000000, 0x0000000800000000)
  region size 1024K, 6 young (6144K), 3 survivors (3072K)
 Metaspace       used 60426K, committed 61056K, reserved 1114112K
  class space    used 8054K, committed 8320K, reserved 1048576K
}
Event: 2.336 GC heap after
{Heap after GC invocations=11 (full 0):
 garbage-first heap   total 71680K, used 24648K [0x0000000780000000, 0x0000000800000000)
  region size 1024K, 3 young (3072K), 3 survivors (3072K)
 Metaspace       used 60426K, committed 61056K, reserved 1114112K
  class space    used 8054K, committed 8320K, reserved 1048576K
}
Event: 367.629 GC heap before
{Heap before GC invocations=12 (full 0):
 garbage-first heap   total 71680K, used 60488K [0x0000000780000000, 0x0000000800000000)
  region size 1024K, 39 young (39936K), 3 survivors (3072K)
 Metaspace       used 66746K, committed 67520K, reserved 1114112K
  class space    used 8924K, committed 9280K, reserved 1048576K
}
Event: 367.642 GC heap after
{Heap after GC invocations=13 (full 0):
 garbage-first heap   total 71680K, used 28282K [0x0000000780000000, 0x0000000800000000)
  region size 1024K, 5 young (5120K), 5 survivors (5120K)
 Metaspace       used 66746K, committed 67520K, reserved 1114112K
  class space    used 8924K, committed 9280K, reserved 1048576K
}

